2025-09-22T05:58:12.953058Z 0 [Warning] [MY-010915] [Server] 'NO_ZERO_DATE', 'NO_ZERO_IN_DATE' and 'ERROR_FOR_DIVISION_BY_ZERO' sql modes should be used with strict mode. They will be merged with strict mode in a future release.
2025-09-22T05:58:12.955839Z 0 [System] [MY-010116] [Server] C:\Program Files\MySQL\MySQL Server 8.0\bin\mysqld.exe (mysqld 8.0.26) starting as process 38424
2025-09-22T05:58:12.981790Z 1 [System] [MY-013576] [InnoDB] InnoDB initialization has started.
2025-09-22T05:58:13.262585Z 1 [System] [MY-013577] [InnoDB] InnoDB initialization has ended.
2025-09-22T05:58:13.613706Z 0 [Warning] [MY-013746] [Server] A deprecated TLS version TLSv1 is enabled for channel mysql_main
2025-09-22T05:58:13.615453Z 0 [Warning] [MY-013746] [Server] A deprecated TLS version TLSv1.1 is enabled for channel mysql_main
2025-09-22T05:58:13.619636Z 0 [Warning] [MY-010068] [Server] CA certificate ca.pem is self signed.
2025-09-22T05:58:13.620936Z 0 [System] [MY-013602] [Server] Channel mysql_main configured to support TLS. Encrypted connections are now supported for this channel.
2025-09-22T05:58:13.658559Z 0 [System] [MY-011323] [Server] X Plugin ready for connections. Bind-address: '::' port: 33060
2025-09-22T05:58:13.658835Z 0 [System] [MY-010931] [Server] C:\Program Files\MySQL\MySQL Server 8.0\bin\mysqld.exe: ready for connections. Version: '8.0.26'  socket: ''  port: 3306  MySQL Community Server - GPL.
2025-09-27T07:45:53.291445Z 0 [System] [MY-013105] [Server] C:\Program Files\MySQL\MySQL Server 8.0\bin\mysqld.exe: Normal shutdown.
2025-09-27T07:45:54.319629Z 0 [System] [MY-010910] [Server] C:\Program Files\MySQL\MySQL Server 8.0\bin\mysqld.exe: Shutdown complete (mysqld 8.0.26)  MySQL Community Server - GPL.
2025-09-28T01:25:25.822955Z 0 [Warning] [MY-010915] [Server] 'NO_ZERO_DATE', 'NO_ZERO_IN_DATE' and 'ERROR_FOR_DIVISION_BY_ZERO' sql modes should be used with strict mode. They will be merged with strict mode in a future release.
2025-09-28T01:25:25.825508Z 0 [System] [MY-010116] [Server] C:\Program Files\MySQL\MySQL Server 8.0\bin\mysqld.exe (mysqld 8.0.26) starting as process 10228
2025-09-28T01:25:25.886052Z 1 [System] [MY-013576] [InnoDB] InnoDB initialization has started.
2025-09-28T01:25:26.109863Z 1 [System] [MY-013577] [InnoDB] InnoDB initialization has ended.
2025-09-28T01:25:26.342798Z 0 [Warning] [MY-013746] [Server] A deprecated TLS version TLSv1 is enabled for channel mysql_main
2025-09-28T01:25:26.343632Z 0 [Warning] [MY-013746] [Server] A deprecated TLS version TLSv1.1 is enabled for channel mysql_main
2025-09-28T01:25:26.354041Z 0 [Warning] [MY-010068] [Server] CA certificate ca.pem is self signed.
2025-09-28T01:25:26.354937Z 0 [System] [MY-013602] [Server] Channel mysql_main configured to support TLS. Encrypted connections are now supported for this channel.
2025-09-28T01:25:26.385189Z 0 [System] [MY-011323] [Server] X Plugin ready for connections. Bind-address: '::' port: 33060
2025-09-28T01:25:26.385361Z 0 [System] [MY-010931] [Server] C:\Program Files\MySQL\MySQL Server 8.0\bin\mysqld.exe: ready for connections. Version: '8.0.26'  socket: ''  port: 3306  MySQL Community Server - GPL.
2025-09-28T13:32:47.038003Z 0 [System] [MY-013105] [Server] C:\Program Files\MySQL\MySQL Server 8.0\bin\mysqld.exe: Normal shutdown.
2025-09-28T13:32:47.573117Z 0 [System] [MY-010910] [Server] C:\Program Files\MySQL\MySQL Server 8.0\bin\mysqld.exe: Shutdown complete (mysqld 8.0.26)  MySQL Community Server - GPL.
2025-09-28T13:33:13.302611Z 0 [Warning] [MY-010915] [Server] 'NO_ZERO_DATE', 'NO_ZERO_IN_DATE' and 'ERROR_FOR_DIVISION_BY_ZERO' sql modes should be used with strict mode. They will be merged with strict mode in a future release.
2025-09-28T13:33:13.311175Z 0 [System] [MY-010116] [Server] C:\Program Files\MySQL\MySQL Server 8.0\bin\mysqld.exe (mysqld 8.0.26) starting as process 9924
2025-09-28T13:33:13.412919Z 1 [System] [MY-013576] [InnoDB] InnoDB initialization has started.
2025-09-28T13:33:13.768688Z 1 [System] [MY-013577] [InnoDB] InnoDB initialization has ended.
2025-09-28T13:33:14.007110Z 0 [Warning] [MY-013746] [Server] A deprecated TLS version TLSv1 is enabled for channel mysql_main
2025-09-28T13:33:14.008203Z 0 [Warning] [MY-013746] [Server] A deprecated TLS version TLSv1.1 is enabled for channel mysql_main
2025-09-28T13:33:14.017996Z 0 [Warning] [MY-010068] [Server] CA certificate ca.pem is self signed.
2025-09-28T13:33:14.018898Z 0 [System] [MY-013602] [Server] Channel mysql_main configured to support TLS. Encrypted connections are now supported for this channel.
2025-09-28T13:33:14.050221Z 0 [System] [MY-011323] [Server] X Plugin ready for connections. Bind-address: '::' port: 33060
2025-09-28T13:33:14.050448Z 0 [System] [MY-010931] [Server] C:\Program Files\MySQL\MySQL Server 8.0\bin\mysqld.exe: ready for connections. Version: '8.0.26'  socket: ''  port: 3306  MySQL Community Server - GPL.
2025-09-28T13:46:53.283784Z 0 [System] [MY-013105] [Server] C:\Program Files\MySQL\MySQL Server 8.0\bin\mysqld.exe: Normal shutdown.
2025-09-28T13:46:54.577309Z 0 [System] [MY-010910] [Server] C:\Program Files\MySQL\MySQL Server 8.0\bin\mysqld.exe: Shutdown complete (mysqld 8.0.26)  MySQL Community Server - GPL.
2025-09-28T13:47:22.331221Z 0 [Warning] [MY-010915] [Server] 'NO_ZERO_DATE', 'NO_ZERO_IN_DATE' and 'ERROR_FOR_DIVISION_BY_ZERO' sql modes should be used with strict mode. They will be merged with strict mode in a future release.
2025-09-28T13:47:22.333955Z 0 [System] [MY-010116] [Server] C:\Program Files\MySQL\MySQL Server 8.0\bin\mysqld.exe (mysqld 8.0.26) starting as process 9676
2025-09-28T13:47:22.395093Z 1 [System] [MY-013576] [InnoDB] InnoDB initialization has started.
2025-09-28T13:47:22.668643Z 1 [System] [MY-013577] [InnoDB] InnoDB initialization has ended.
2025-09-28T13:47:22.917423Z 0 [Warning] [MY-013746] [Server] A deprecated TLS version TLSv1 is enabled for channel mysql_main
2025-09-28T13:47:22.918251Z 0 [Warning] [MY-013746] [Server] A deprecated TLS version TLSv1.1 is enabled for channel mysql_main
2025-09-28T13:47:22.927696Z 0 [Warning] [MY-010068] [Server] CA certificate ca.pem is self signed.
2025-09-28T13:47:22.928514Z 0 [System] [MY-013602] [Server] Channel mysql_main configured to support TLS. Encrypted connections are now supported for this channel.
2025-09-28T13:47:22.960626Z 0 [System] [MY-011323] [Server] X Plugin ready for connections. Bind-address: '::' port: 33060
2025-09-28T13:47:22.960774Z 0 [System] [MY-010931] [Server] C:\Program Files\MySQL\MySQL Server 8.0\bin\mysqld.exe: ready for connections. Version: '8.0.26'  socket: ''  port: 3306  MySQL Community Server - GPL.
2025-09-30T03:43:43.578656Z 0 [System] [MY-013105] [Server] C:\Program Files\MySQL\MySQL Server 8.0\bin\mysqld.exe: Normal shutdown.
2025-09-30T03:43:44.643831Z 0 [System] [MY-010910] [Server] C:\Program Files\MySQL\MySQL Server 8.0\bin\mysqld.exe: Shutdown complete (mysqld 8.0.26)  MySQL Community Server - GPL.
2025-09-30T03:44:11.582148Z 0 [Warning] [MY-010915] [Server] 'NO_ZERO_DATE', 'NO_ZERO_IN_DATE' and 'ERROR_FOR_DIVISION_BY_ZERO' sql modes should be used with strict mode. They will be merged with strict mode in a future release.
2025-09-30T03:44:11.584886Z 0 [System] [MY-010116] [Server] C:\Program Files\MySQL\MySQL Server 8.0\bin\mysqld.exe (mysqld 8.0.26) starting as process 9560
2025-09-30T03:44:11.626395Z 1 [System] [MY-013576] [InnoDB] InnoDB initialization has started.
2025-09-30T03:44:11.822048Z 1 [System] [MY-013577] [InnoDB] InnoDB initialization has ended.
2025-09-30T03:44:12.064873Z 0 [Warning] [MY-013746] [Server] A deprecated TLS version TLSv1 is enabled for channel mysql_main
2025-09-30T03:44:12.066095Z 0 [Warning] [MY-013746] [Server] A deprecated TLS version TLSv1.1 is enabled for channel mysql_main
2025-09-30T03:44:12.073080Z 0 [Warning] [MY-010068] [Server] CA certificate ca.pem is self signed.
2025-09-30T03:44:12.074696Z 0 [System] [MY-013602] [Server] Channel mysql_main configured to support TLS. Encrypted connections are now supported for this channel.
2025-09-30T03:44:12.112273Z 0 [System] [MY-011323] [Server] X Plugin ready for connections. Bind-address: '::' port: 33060
2025-09-30T03:44:12.112509Z 0 [System] [MY-010931] [Server] C:\Program Files\MySQL\MySQL Server 8.0\bin\mysqld.exe: ready for connections. Version: '8.0.26'  socket: ''  port: 3306  MySQL Community Server - GPL.
2025-09-30T12:45:49.610814Z 0 [System] [MY-013105] [Server] C:\Program Files\MySQL\MySQL Server 8.0\bin\mysqld.exe: Normal shutdown.
2025-09-30T12:45:50.666686Z 0 [System] [MY-010910] [Server] C:\Program Files\MySQL\MySQL Server 8.0\bin\mysqld.exe: Shutdown complete (mysqld 8.0.26)  MySQL Community Server - GPL.
2025-09-30T12:46:17.608504Z 0 [Warning] [MY-010915] [Server] 'NO_ZERO_DATE', 'NO_ZERO_IN_DATE' and 'ERROR_FOR_DIVISION_BY_ZERO' sql modes should be used with strict mode. They will be merged with strict mode in a future release.
2025-09-30T12:46:17.620355Z 0 [System] [MY-010116] [Server] C:\Program Files\MySQL\MySQL Server 8.0\bin\mysqld.exe (mysqld 8.0.26) starting as process 10164
2025-09-30T12:46:17.714471Z 1 [System] [MY-013576] [InnoDB] InnoDB initialization has started.
2025-09-30T12:46:17.928008Z 1 [System] [MY-013577] [InnoDB] InnoDB initialization has ended.
2025-09-30T12:46:18.193152Z 0 [Warning] [MY-013746] [Server] A deprecated TLS version TLSv1 is enabled for channel mysql_main
2025-09-30T12:46:18.194805Z 0 [Warning] [MY-013746] [Server] A deprecated TLS version TLSv1.1 is enabled for channel mysql_main
2025-09-30T12:46:18.203044Z 0 [Warning] [MY-010068] [Server] CA certificate ca.pem is self signed.
2025-09-30T12:46:18.204141Z 0 [System] [MY-013602] [Server] Channel mysql_main configured to support TLS. Encrypted connections are now supported for this channel.
2025-09-30T12:46:18.239828Z 0 [System] [MY-011323] [Server] X Plugin ready for connections. Bind-address: '::' port: 33060
2025-09-30T12:46:18.240495Z 0 [System] [MY-010931] [Server] C:\Program Files\MySQL\MySQL Server 8.0\bin\mysqld.exe: ready for connections. Version: '8.0.26'  socket: ''  port: 3306  MySQL Community Server - GPL.
2025-09-30T13:07:32.870514Z 0 [System] [MY-013105] [Server] C:\Program Files\MySQL\MySQL Server 8.0\bin\mysqld.exe: Normal shutdown.
2025-09-30T13:07:34.035871Z 0 [System] [MY-010910] [Server] C:\Program Files\MySQL\MySQL Server 8.0\bin\mysqld.exe: Shutdown complete (mysqld 8.0.26)  MySQL Community Server - GPL.
2025-09-30T13:08:01.522387Z 0 [Warning] [MY-010915] [Server] 'NO_ZERO_DATE', 'NO_ZERO_IN_DATE' and 'ERROR_FOR_DIVISION_BY_ZERO' sql modes should be used with strict mode. They will be merged with strict mode in a future release.
2025-09-30T13:08:01.525316Z 0 [System] [MY-010116] [Server] C:\Program Files\MySQL\MySQL Server 8.0\bin\mysqld.exe (mysqld 8.0.26) starting as process 10152
2025-09-30T13:08:01.566602Z 1 [System] [MY-013576] [InnoDB] InnoDB initialization has started.
2025-09-30T13:08:01.732888Z 1 [System] [MY-013577] [InnoDB] InnoDB initialization has ended.
2025-09-30T13:08:02.010910Z 0 [Warning] [MY-013746] [Server] A deprecated TLS version TLSv1 is enabled for channel mysql_main
2025-09-30T13:08:02.012068Z 0 [Warning] [MY-013746] [Server] A deprecated TLS version TLSv1.1 is enabled for channel mysql_main
2025-09-30T13:08:02.020603Z 0 [Warning] [MY-010068] [Server] CA certificate ca.pem is self signed.
2025-09-30T13:08:02.021808Z 0 [System] [MY-013602] [Server] Channel mysql_main configured to support TLS. Encrypted connections are now supported for this channel.
2025-09-30T13:08:02.053733Z 0 [System] [MY-011323] [Server] X Plugin ready for connections. Bind-address: '::' port: 33060
2025-09-30T13:08:02.053919Z 0 [System] [MY-010931] [Server] C:\Program Files\MySQL\MySQL Server 8.0\bin\mysqld.exe: ready for connections. Version: '8.0.26'  socket: ''  port: 3306  MySQL Community Server - GPL.
2025-09-30T14:58:17.203273Z 0 [Warning] [MY-010915] [Server] 'NO_ZERO_DATE', 'NO_ZERO_IN_DATE' and 'ERROR_FOR_DIVISION_BY_ZERO' sql modes should be used with strict mode. They will be merged with strict mode in a future release.
2025-09-30T14:58:17.205229Z 0 [System] [MY-010116] [Server] C:\Program Files\MySQL\MySQL Server 8.0\bin\mysqld.exe (mysqld 8.0.26) starting as process 28820
2025-09-30T14:58:17.227009Z 1 [System] [MY-013576] [InnoDB] InnoDB initialization has started.
2025-09-30T14:58:17.677976Z 1 [System] [MY-013577] [InnoDB] InnoDB initialization has ended.
2025-09-30T14:58:17.867147Z 0 [System] [MY-010229] [Server] Starting XA crash recovery...
2025-09-30T14:58:17.873395Z 0 [System] [MY-010232] [Server] XA crash recovery finished.
2025-09-30T14:58:17.900517Z 0 [Warning] [MY-013746] [Server] A deprecated TLS version TLSv1 is enabled for channel mysql_main
2025-09-30T14:58:17.901844Z 0 [Warning] [MY-013746] [Server] A deprecated TLS version TLSv1.1 is enabled for channel mysql_main
2025-09-30T14:58:17.906116Z 0 [Warning] [MY-010068] [Server] CA certificate ca.pem is self signed.
2025-09-30T14:58:17.907348Z 0 [System] [MY-013602] [Server] Channel mysql_main configured to support TLS. Encrypted connections are now supported for this channel.
2025-09-30T14:58:17.943621Z 0 [System] [MY-011323] [Server] X Plugin ready for connections. Bind-address: '::' port: 33060
2025-09-30T14:58:17.943852Z 0 [System] [MY-010931] [Server] C:\Program Files\MySQL\MySQL Server 8.0\bin\mysqld.exe: ready for connections. Version: '8.0.26'  socket: ''  port: 3306  MySQL Community Server - GPL.
2025-09-30T21:42:55.351745Z 0 [System] [MY-013105] [Server] C:\Program Files\MySQL\MySQL Server 8.0\bin\mysqld.exe: Normal shutdown.
2025-09-30T21:42:55.672944Z 0 [System] [MY-010910] [Server] C:\Program Files\MySQL\MySQL Server 8.0\bin\mysqld.exe: Shutdown complete (mysqld 8.0.26)  MySQL Community Server - GPL.
2025-10-01T08:44:06.350987Z 0 [Warning] [MY-010915] [Server] 'NO_ZERO_DATE', 'NO_ZERO_IN_DATE' and 'ERROR_FOR_DIVISION_BY_ZERO' sql modes should be used with strict mode. They will be merged with strict mode in a future release.
2025-10-01T08:44:06.353218Z 0 [System] [MY-010116] [Server] C:\Program Files\MySQL\MySQL Server 8.0\bin\mysqld.exe (mysqld 8.0.26) starting as process 9780
2025-10-01T08:44:06.387875Z 1 [System] [MY-013576] [InnoDB] InnoDB initialization has started.
2025-10-01T08:44:06.659292Z 1 [System] [MY-013577] [InnoDB] InnoDB initialization has ended.
2025-10-01T08:44:06.852699Z 0 [Warning] [MY-013746] [Server] A deprecated TLS version TLSv1 is enabled for channel mysql_main
2025-10-01T08:44:06.853635Z 0 [Warning] [MY-013746] [Server] A deprecated TLS version TLSv1.1 is enabled for channel mysql_main
2025-10-01T08:44:06.860930Z 0 [Warning] [MY-010068] [Server] CA certificate ca.pem is self signed.
2025-10-01T08:44:06.861710Z 0 [System] [MY-013602] [Server] Channel mysql_main configured to support TLS. Encrypted connections are now supported for this channel.
2025-10-01T08:44:06.890106Z 0 [System] [MY-011323] [Server] X Plugin ready for connections. Bind-address: '::' port: 33060
2025-10-01T08:44:06.890284Z 0 [System] [MY-010931] [Server] C:\Program Files\MySQL\MySQL Server 8.0\bin\mysqld.exe: ready for connections. Version: '8.0.26'  socket: ''  port: 3306  MySQL Community Server - GPL.
2025-10-02T20:02:35.996933Z 0 [System] [MY-013105] [Server] C:\Program Files\MySQL\MySQL Server 8.0\bin\mysqld.exe: Normal shutdown.
2025-10-02T20:02:36.357871Z 0 [System] [MY-010910] [Server] C:\Program Files\MySQL\MySQL Server 8.0\bin\mysqld.exe: Shutdown complete (mysqld 8.0.26)  MySQL Community Server - GPL.
2025-10-03T09:50:03.220638Z 0 [Warning] [MY-010915] [Server] 'NO_ZERO_DATE', 'NO_ZERO_IN_DATE' and 'ERROR_FOR_DIVISION_BY_ZERO' sql modes should be used with strict mode. They will be merged with strict mode in a future release.
2025-10-03T09:50:03.223250Z 0 [System] [MY-010116] [Server] C:\Program Files\MySQL\MySQL Server 8.0\bin\mysqld.exe (mysqld 8.0.26) starting as process 10568
2025-10-03T09:50:03.260441Z 1 [System] [MY-013576] [InnoDB] InnoDB initialization has started.
2025-10-03T09:50:03.540738Z 1 [System] [MY-013577] [InnoDB] InnoDB initialization has ended.
2025-10-03T09:50:03.722153Z 0 [Warning] [MY-013746] [Server] A deprecated TLS version TLSv1 is enabled for channel mysql_main
2025-10-03T09:50:03.723052Z 0 [Warning] [MY-013746] [Server] A deprecated TLS version TLSv1.1 is enabled for channel mysql_main
2025-10-03T09:50:03.728844Z 0 [Warning] [MY-010068] [Server] CA certificate ca.pem is self signed.
2025-10-03T09:50:03.729715Z 0 [System] [MY-013602] [Server] Channel mysql_main configured to support TLS. Encrypted connections are now supported for this channel.
2025-10-03T09:50:03.766312Z 0 [System] [MY-011323] [Server] X Plugin ready for connections. Bind-address: '::' port: 33060
2025-10-03T09:50:03.766514Z 0 [System] [MY-010931] [Server] C:\Program Files\MySQL\MySQL Server 8.0\bin\mysqld.exe: ready for connections. Version: '8.0.26'  socket: ''  port: 3306  MySQL Community Server - GPL.
2025-10-09T09:37:10.981637Z 0 [System] [MY-013105] [Server] C:\Program Files\MySQL\MySQL Server 8.0\bin\mysqld.exe: Normal shutdown.
2025-10-09T09:37:11.682101Z 0 [System] [MY-010910] [Server] C:\Program Files\MySQL\MySQL Server 8.0\bin\mysqld.exe: Shutdown complete (mysqld 8.0.26)  MySQL Community Server - GPL.
2025-10-09T09:37:41.364497Z 0 [Warning] [MY-010915] [Server] 'NO_ZERO_DATE', 'NO_ZERO_IN_DATE' and 'ERROR_FOR_DIVISION_BY_ZERO' sql modes should be used with strict mode. They will be merged with strict mode in a future release.
2025-10-09T09:37:41.367005Z 0 [System] [MY-010116] [Server] C:\Program Files\MySQL\MySQL Server 8.0\bin\mysqld.exe (mysqld 8.0.26) starting as process 9964
2025-10-09T09:37:41.409292Z 1 [System] [MY-013576] [InnoDB] InnoDB initialization has started.
2025-10-09T09:37:41.746167Z 1 [System] [MY-013577] [InnoDB] InnoDB initialization has ended.
2025-10-09T09:37:41.952319Z 0 [Warning] [MY-013746] [Server] A deprecated TLS version TLSv1 is enabled for channel mysql_main
2025-10-09T09:37:41.953202Z 0 [Warning] [MY-013746] [Server] A deprecated TLS version TLSv1.1 is enabled for channel mysql_main
2025-10-09T09:37:41.959106Z 0 [Warning] [MY-010068] [Server] CA certificate ca.pem is self signed.
2025-10-09T09:37:41.959981Z 0 [System] [MY-013602] [Server] Channel mysql_main configured to support TLS. Encrypted connections are now supported for this channel.
2025-10-09T09:37:41.989111Z 0 [System] [MY-011323] [Server] X Plugin ready for connections. Bind-address: '::' port: 33060
2025-10-09T09:37:41.989342Z 0 [System] [MY-010931] [Server] C:\Program Files\MySQL\MySQL Server 8.0\bin\mysqld.exe: ready for connections. Version: '8.0.26'  socket: ''  port: 3306  MySQL Community Server - GPL.
2025-10-13T17:56:55.094764Z 0 [System] [MY-013105] [Server] C:\Program Files\MySQL\MySQL Server 8.0\bin\mysqld.exe: Normal shutdown.
2025-10-13T17:56:56.062749Z 0 [System] [MY-010910] [Server] C:\Program Files\MySQL\MySQL Server 8.0\bin\mysqld.exe: Shutdown complete (mysqld 8.0.26)  MySQL Community Server - GPL.
2025-10-13T17:57:24.354027Z 0 [Warning] [MY-010915] [Server] 'NO_ZERO_DATE', 'NO_ZERO_IN_DATE' and 'ERROR_FOR_DIVISION_BY_ZERO' sql modes should be used with strict mode. They will be merged with strict mode in a future release.
2025-10-13T17:57:24.356190Z 0 [System] [MY-010116] [Server] C:\Program Files\MySQL\MySQL Server 8.0\bin\mysqld.exe (mysqld 8.0.26) starting as process 9300
2025-10-13T17:57:24.405234Z 1 [System] [MY-013576] [InnoDB] InnoDB initialization has started.
2025-10-13T17:57:24.735036Z 1 [System] [MY-013577] [InnoDB] InnoDB initialization has ended.
2025-10-13T17:57:24.994756Z 0 [Warning] [MY-013746] [Server] A deprecated TLS version TLSv1 is enabled for channel mysql_main
2025-10-13T17:57:24.995804Z 0 [Warning] [MY-013746] [Server] A deprecated TLS version TLSv1.1 is enabled for channel mysql_main
2025-10-13T17:57:25.004358Z 0 [Warning] [MY-010068] [Server] CA certificate ca.pem is self signed.
2025-10-13T17:57:25.005030Z 0 [System] [MY-013602] [Server] Channel mysql_main configured to support TLS. Encrypted connections are now supported for this channel.
2025-10-13T17:57:25.039140Z 0 [System] [MY-011323] [Server] X Plugin ready for connections. Bind-address: '::' port: 33060
2025-10-13T17:57:25.039307Z 0 [System] [MY-010931] [Server] C:\Program Files\MySQL\MySQL Server 8.0\bin\mysqld.exe: ready for connections. Version: '8.0.26'  socket: ''  port: 3306  MySQL Community Server - GPL.
2025-10-14T13:57:18.220823Z 0 [System] [MY-013105] [Server] C:\Program Files\MySQL\MySQL Server 8.0\bin\mysqld.exe: Normal shutdown.
2025-10-14T13:57:19.364419Z 0 [System] [MY-010910] [Server] C:\Program Files\MySQL\MySQL Server 8.0\bin\mysqld.exe: Shutdown complete (mysqld 8.0.26)  MySQL Community Server - GPL.
2025-10-14T13:57:46.386791Z 0 [Warning] [MY-010915] [Server] 'NO_ZERO_DATE', 'NO_ZERO_IN_DATE' and 'ERROR_FOR_DIVISION_BY_ZERO' sql modes should be used with strict mode. They will be merged with strict mode in a future release.
2025-10-14T13:57:46.389349Z 0 [System] [MY-010116] [Server] C:\Program Files\MySQL\MySQL Server 8.0\bin\mysqld.exe (mysqld 8.0.26) starting as process 9860
2025-10-14T13:57:46.432965Z 1 [System] [MY-013576] [InnoDB] InnoDB initialization has started.
2025-10-14T13:57:46.843087Z 1 [System] [MY-013577] [InnoDB] InnoDB initialization has ended.
2025-10-14T13:57:47.114438Z 0 [Warning] [MY-013746] [Server] A deprecated TLS version TLSv1 is enabled for channel mysql_main
2025-10-14T13:57:47.115180Z 0 [Warning] [MY-013746] [Server] A deprecated TLS version TLSv1.1 is enabled for channel mysql_main
2025-10-14T13:57:47.120305Z 0 [Warning] [MY-010068] [Server] CA certificate ca.pem is self signed.
2025-10-14T13:57:47.120916Z 0 [System] [MY-013602] [Server] Channel mysql_main configured to support TLS. Encrypted connections are now supported for this channel.
2025-10-14T13:57:47.149238Z 0 [System] [MY-011323] [Server] X Plugin ready for connections. Bind-address: '::' port: 33060
2025-10-14T13:57:47.149468Z 0 [System] [MY-010931] [Server] C:\Program Files\MySQL\MySQL Server 8.0\bin\mysqld.exe: ready for connections. Version: '8.0.26'  socket: ''  port: 3306  MySQL Community Server - GPL.
2025-10-20T09:51:54.353423Z 0 [System] [MY-013105] [Server] C:\Program Files\MySQL\MySQL Server 8.0\bin\mysqld.exe: Normal shutdown.
2025-10-20T09:51:55.715056Z 0 [System] [MY-010910] [Server] C:\Program Files\MySQL\MySQL Server 8.0\bin\mysqld.exe: Shutdown complete (mysqld 8.0.26)  MySQL Community Server - GPL.
2025-10-20T09:52:22.135733Z 0 [Warning] [MY-010915] [Server] 'NO_ZERO_DATE', 'NO_ZERO_IN_DATE' and 'ERROR_FOR_DIVISION_BY_ZERO' sql modes should be used with strict mode. They will be merged with strict mode in a future release.
2025-10-20T09:52:22.139452Z 0 [System] [MY-010116] [Server] C:\Program Files\MySQL\MySQL Server 8.0\bin\mysqld.exe (mysqld 8.0.26) starting as process 9692
2025-10-20T09:52:22.185083Z 1 [System] [MY-013576] [InnoDB] InnoDB initialization has started.
2025-10-20T09:52:22.567845Z 1 [System] [MY-013577] [InnoDB] InnoDB initialization has ended.
2025-10-20T09:52:22.861645Z 0 [Warning] [MY-013746] [Server] A deprecated TLS version TLSv1 is enabled for channel mysql_main
2025-10-20T09:52:22.862765Z 0 [Warning] [MY-013746] [Server] A deprecated TLS version TLSv1.1 is enabled for channel mysql_main
2025-10-20T09:52:22.869964Z 0 [Warning] [MY-010068] [Server] CA certificate ca.pem is self signed.
2025-10-20T09:52:22.870925Z 0 [System] [MY-013602] [Server] Channel mysql_main configured to support TLS. Encrypted connections are now supported for this channel.
2025-10-20T09:52:22.908276Z 0 [System] [MY-011323] [Server] X Plugin ready for connections. Bind-address: '::' port: 33060
2025-10-20T09:52:22.908500Z 0 [System] [MY-010931] [Server] C:\Program Files\MySQL\MySQL Server 8.0\bin\mysqld.exe: ready for connections. Version: '8.0.26'  socket: ''  port: 3306  MySQL Community Server - GPL.
2025-10-25T11:04:24.446381Z 0 [System] [MY-013105] [Server] C:\Program Files\MySQL\MySQL Server 8.0\bin\mysqld.exe: Normal shutdown.
2025-10-25T11:04:25.479776Z 0 [System] [MY-010910] [Server] C:\Program Files\MySQL\MySQL Server 8.0\bin\mysqld.exe: Shutdown complete (mysqld 8.0.26)  MySQL Community Server - GPL.
2025-10-25T11:04:52.057065Z 0 [Warning] [MY-010915] [Server] 'NO_ZERO_DATE', 'NO_ZERO_IN_DATE' and 'ERROR_FOR_DIVISION_BY_ZERO' sql modes should be used with strict mode. They will be merged with strict mode in a future release.
2025-10-25T11:04:52.060001Z 0 [System] [MY-010116] [Server] C:\Program Files\MySQL\MySQL Server 8.0\bin\mysqld.exe (mysqld 8.0.26) starting as process 9684
2025-10-25T11:04:52.102833Z 1 [System] [MY-013576] [InnoDB] InnoDB initialization has started.
2025-10-25T11:04:52.551932Z 1 [System] [MY-013577] [InnoDB] InnoDB initialization has ended.
2025-10-25T11:04:52.825410Z 0 [Warning] [MY-013746] [Server] A deprecated TLS version TLSv1 is enabled for channel mysql_main
2025-10-25T11:04:52.826362Z 0 [Warning] [MY-013746] [Server] A deprecated TLS version TLSv1.1 is enabled for channel mysql_main
2025-10-25T11:04:52.901077Z 0 [Warning] [MY-010068] [Server] CA certificate ca.pem is self signed.
2025-10-25T11:04:52.902043Z 0 [System] [MY-013602] [Server] Channel mysql_main configured to support TLS. Encrypted connections are now supported for this channel.
2025-10-25T11:04:52.942833Z 0 [System] [MY-011323] [Server] X Plugin ready for connections. Bind-address: '::' port: 33060
2025-10-25T11:04:52.943057Z 0 [System] [MY-010931] [Server] C:\Program Files\MySQL\MySQL Server 8.0\bin\mysqld.exe: ready for connections. Version: '8.0.26'  socket: ''  port: 3306  MySQL Community Server - GPL.
2025-10-27T01:51:46.113215Z 0 [System] [MY-013105] [Server] C:\Program Files\MySQL\MySQL Server 8.0\bin\mysqld.exe: Normal shutdown.
2025-10-27T01:51:46.951441Z 0 [System] [MY-010910] [Server] C:\Program Files\MySQL\MySQL Server 8.0\bin\mysqld.exe: Shutdown complete (mysqld 8.0.26)  MySQL Community Server - GPL.
2025-10-27T01:52:12.754730Z 0 [Warning] [MY-010915] [Server] 'NO_ZERO_DATE', 'NO_ZERO_IN_DATE' and 'ERROR_FOR_DIVISION_BY_ZERO' sql modes should be used with strict mode. They will be merged with strict mode in a future release.
2025-10-27T01:52:12.756762Z 0 [System] [MY-010116] [Server] C:\Program Files\MySQL\MySQL Server 8.0\bin\mysqld.exe (mysqld 8.0.26) starting as process 9616
2025-10-27T01:52:12.821076Z 1 [System] [MY-013576] [InnoDB] InnoDB initialization has started.
2025-10-27T01:52:13.282120Z 1 [System] [MY-013577] [InnoDB] InnoDB initialization has ended.
2025-10-27T01:52:13.511824Z 0 [Warning] [MY-013746] [Server] A deprecated TLS version TLSv1 is enabled for channel mysql_main
2025-10-27T01:52:13.512777Z 0 [Warning] [MY-013746] [Server] A deprecated TLS version TLSv1.1 is enabled for channel mysql_main
2025-10-27T01:52:13.545851Z 0 [Warning] [MY-010068] [Server] CA certificate ca.pem is self signed.
2025-10-27T01:52:13.546928Z 0 [System] [MY-013602] [Server] Channel mysql_main configured to support TLS. Encrypted connections are now supported for this channel.
2025-10-27T01:52:13.592475Z 0 [System] [MY-011323] [Server] X Plugin ready for connections. Bind-address: '::' port: 33060
2025-10-27T01:52:13.592624Z 0 [System] [MY-010931] [Server] C:\Program Files\MySQL\MySQL Server 8.0\bin\mysqld.exe: ready for connections. Version: '8.0.26'  socket: ''  port: 3306  MySQL Community Server - GPL.
2025-11-03T10:27:04.333849Z 0 [Warning] [MY-010915] [Server] 'NO_ZERO_DATE', 'NO_ZERO_IN_DATE' and 'ERROR_FOR_DIVISION_BY_ZERO' sql modes should be used with strict mode. They will be merged with strict mode in a future release.
2025-11-03T10:27:04.337424Z 0 [System] [MY-010116] [Server] C:\Program Files\MySQL\MySQL Server 8.0\bin\mysqld.exe (mysqld 8.0.26) starting as process 9340
2025-11-03T10:27:04.393549Z 1 [System] [MY-013576] [InnoDB] InnoDB initialization has started.
2025-11-03T10:27:05.086542Z 1 [System] [MY-013577] [InnoDB] InnoDB initialization has ended.
2025-11-03T10:27:05.366146Z 0 [System] [MY-010229] [Server] Starting XA crash recovery...
2025-11-03T10:27:05.374370Z 0 [System] [MY-010232] [Server] XA crash recovery finished.
2025-11-03T10:27:05.431148Z 0 [Warning] [MY-013746] [Server] A deprecated TLS version TLSv1 is enabled for channel mysql_main
2025-11-03T10:27:05.432530Z 0 [Warning] [MY-013746] [Server] A deprecated TLS version TLSv1.1 is enabled for channel mysql_main
2025-11-03T10:27:05.444287Z 0 [Warning] [MY-010068] [Server] CA certificate ca.pem is self signed.
2025-11-03T10:27:05.445951Z 0 [System] [MY-013602] [Server] Channel mysql_main configured to support TLS. Encrypted connections are now supported for this channel.
2025-11-03T10:27:05.496236Z 0 [System] [MY-011323] [Server] X Plugin ready for connections. Bind-address: '::' port: 33060
2025-11-03T10:27:05.496670Z 0 [System] [MY-010931] [Server] C:\Program Files\MySQL\MySQL Server 8.0\bin\mysqld.exe: ready for connections. Version: '8.0.26'  socket: ''  port: 3306  MySQL Community Server - GPL.
2025-11-08T09:58:25.479555Z 0 [System] [MY-013105] [Server] C:\Program Files\MySQL\MySQL Server 8.0\bin\mysqld.exe: Normal shutdown.
2025-11-08T09:58:26.181484Z 0 [System] [MY-010910] [Server] C:\Program Files\MySQL\MySQL Server 8.0\bin\mysqld.exe: Shutdown complete (mysqld 8.0.26)  MySQL Community Server - GPL.
2025-11-08T09:58:53.239316Z 0 [Warning] [MY-010915] [Server] 'NO_ZERO_DATE', 'NO_ZERO_IN_DATE' and 'ERROR_FOR_DIVISION_BY_ZERO' sql modes should be used with strict mode. They will be merged with strict mode in a future release.
2025-11-08T09:58:53.243286Z 0 [System] [MY-010116] [Server] C:\Program Files\MySQL\MySQL Server 8.0\bin\mysqld.exe (mysqld 8.0.26) starting as process 9904
2025-11-08T09:58:53.360636Z 1 [System] [MY-013576] [InnoDB] InnoDB initialization has started.
2025-11-08T09:58:53.818721Z 1 [System] [MY-013577] [InnoDB] InnoDB initialization has ended.
2025-11-08T09:58:54.048519Z 0 [Warning] [MY-013746] [Server] A deprecated TLS version TLSv1 is enabled for channel mysql_main
2025-11-08T09:58:54.049486Z 0 [Warning] [MY-013746] [Server] A deprecated TLS version TLSv1.1 is enabled for channel mysql_main
2025-11-08T09:58:54.057404Z 0 [Warning] [MY-010068] [Server] CA certificate ca.pem is self signed.
2025-11-08T09:58:54.058448Z 0 [System] [MY-013602] [Server] Channel mysql_main configured to support TLS. Encrypted connections are now supported for this channel.
2025-11-08T09:58:54.093064Z 0 [System] [MY-011323] [Server] X Plugin ready for connections. Bind-address: '::' port: 33060
2025-11-08T09:58:54.093291Z 0 [System] [MY-010931] [Server] C:\Program Files\MySQL\MySQL Server 8.0\bin\mysqld.exe: ready for connections. Version: '8.0.26'  socket: ''  port: 3306  MySQL Community Server - GPL.
2025-11-08T14:50:46.004508Z 0 [System] [MY-013105] [Server] C:\Program Files\MySQL\MySQL Server 8.0\bin\mysqld.exe: Normal shutdown.
2025-11-08T14:50:47.074312Z 0 [System] [MY-010910] [Server] C:\Program Files\MySQL\MySQL Server 8.0\bin\mysqld.exe: Shutdown complete (mysqld 8.0.26)  MySQL Community Server - GPL.
2025-11-08T14:51:13.208279Z 0 [Warning] [MY-010915] [Server] 'NO_ZERO_DATE', 'NO_ZERO_IN_DATE' and 'ERROR_FOR_DIVISION_BY_ZERO' sql modes should be used with strict mode. They will be merged with strict mode in a future release.
2025-11-08T14:51:13.211147Z 0 [System] [MY-010116] [Server] C:\Program Files\MySQL\MySQL Server 8.0\bin\mysqld.exe (mysqld 8.0.26) starting as process 9932
2025-11-08T14:51:13.273164Z 1 [System] [MY-013576] [InnoDB] InnoDB initialization has started.
2025-11-08T14:51:13.697495Z 1 [System] [MY-013577] [InnoDB] InnoDB initialization has ended.
2025-11-08T14:51:13.941872Z 0 [Warning] [MY-013746] [Server] A deprecated TLS version TLSv1 is enabled for channel mysql_main
2025-11-08T14:51:13.942847Z 0 [Warning] [MY-013746] [Server] A deprecated TLS version TLSv1.1 is enabled for channel mysql_main
2025-11-08T14:51:13.947756Z 0 [Warning] [MY-010068] [Server] CA certificate ca.pem is self signed.
2025-11-08T14:51:13.948562Z 0 [System] [MY-013602] [Server] Channel mysql_main configured to support TLS. Encrypted connections are now supported for this channel.
2025-11-08T14:51:13.980176Z 0 [System] [MY-011323] [Server] X Plugin ready for connections. Bind-address: '::' port: 33060
2025-11-08T14:51:13.980361Z 0 [System] [MY-010931] [Server] C:\Program Files\MySQL\MySQL Server 8.0\bin\mysqld.exe: ready for connections. Version: '8.0.26'  socket: ''  port: 3306  MySQL Community Server - GPL.
2025-11-14T05:43:35.063633Z 0 [System] [MY-013105] [Server] C:\Program Files\MySQL\MySQL Server 8.0\bin\mysqld.exe: Normal shutdown.
2025-11-14T05:43:35.672991Z 0 [System] [MY-010910] [Server] C:\Program Files\MySQL\MySQL Server 8.0\bin\mysqld.exe: Shutdown complete (mysqld 8.0.26)  MySQL Community Server - GPL.
2025-11-14T05:44:02.800773Z 0 [Warning] [MY-010915] [Server] 'NO_ZERO_DATE', 'NO_ZERO_IN_DATE' and 'ERROR_FOR_DIVISION_BY_ZERO' sql modes should be used with strict mode. They will be merged with strict mode in a future release.
2025-11-14T05:44:02.815878Z 0 [System] [MY-010116] [Server] C:\Program Files\MySQL\MySQL Server 8.0\bin\mysqld.exe (mysqld 8.0.26) starting as process 9864
2025-11-14T05:44:02.870829Z 1 [System] [MY-013576] [InnoDB] InnoDB initialization has started.
2025-11-14T05:44:03.325012Z 1 [System] [MY-013577] [InnoDB] InnoDB initialization has ended.
2025-11-14T05:44:03.561375Z 0 [Warning] [MY-013746] [Server] A deprecated TLS version TLSv1 is enabled for channel mysql_main
2025-11-14T05:44:03.562095Z 0 [Warning] [MY-013746] [Server] A deprecated TLS version TLSv1.1 is enabled for channel mysql_main
2025-11-14T05:44:03.625496Z 0 [Warning] [MY-010068] [Server] CA certificate ca.pem is self signed.
2025-11-14T05:44:03.626572Z 0 [System] [MY-013602] [Server] Channel mysql_main configured to support TLS. Encrypted connections are now supported for this channel.
2025-11-14T05:44:03.690183Z 0 [System] [MY-011323] [Server] X Plugin ready for connections. Bind-address: '::' port: 33060
2025-11-14T05:44:03.690438Z 0 [System] [MY-010931] [Server] C:\Program Files\MySQL\MySQL Server 8.0\bin\mysqld.exe: ready for connections. Version: '8.0.26'  socket: ''  port: 3306  MySQL Community Server - GPL.
2025-11-18T17:07:54.677227Z 0 [System] [MY-013105] [Server] C:\Program Files\MySQL\MySQL Server 8.0\bin\mysqld.exe: Normal shutdown.
2025-11-18T17:07:55.025717Z 0 [System] [MY-010910] [Server] C:\Program Files\MySQL\MySQL Server 8.0\bin\mysqld.exe: Shutdown complete (mysqld 8.0.26)  MySQL Community Server - GPL.
2025-11-19T04:07:27.723568Z 0 [Warning] [MY-010915] [Server] 'NO_ZERO_DATE', 'NO_ZERO_IN_DATE' and 'ERROR_FOR_DIVISION_BY_ZERO' sql modes should be used with strict mode. They will be merged with strict mode in a future release.
2025-11-19T04:07:27.725512Z 0 [System] [MY-010116] [Server] C:\Program Files\MySQL\MySQL Server 8.0\bin\mysqld.exe (mysqld 8.0.26) starting as process 9448
2025-11-19T04:07:27.754272Z 1 [System] [MY-013576] [InnoDB] InnoDB initialization has started.
2025-11-19T04:07:27.986868Z 1 [System] [MY-013577] [InnoDB] InnoDB initialization has ended.
2025-11-19T04:07:28.181739Z 0 [Warning] [MY-013746] [Server] A deprecated TLS version TLSv1 is enabled for channel mysql_main
2025-11-19T04:07:28.182358Z 0 [Warning] [MY-013746] [Server] A deprecated TLS version TLSv1.1 is enabled for channel mysql_main
2025-11-19T04:07:28.186350Z 0 [Warning] [MY-010068] [Server] CA certificate ca.pem is self signed.
2025-11-19T04:07:28.186898Z 0 [System] [MY-013602] [Server] Channel mysql_main configured to support TLS. Encrypted connections are now supported for this channel.
2025-11-19T04:07:28.209634Z 0 [System] [MY-011323] [Server] X Plugin ready for connections. Bind-address: '::' port: 33060
2025-11-19T04:07:28.209743Z 0 [System] [MY-010931] [Server] C:\Program Files\MySQL\MySQL Server 8.0\bin\mysqld.exe: ready for connections. Version: '8.0.26'  socket: ''  port: 3306  MySQL Community Server - GPL.
2025-11-20T17:24:45.799275Z 0 [System] [MY-013105] [Server] C:\Program Files\MySQL\MySQL Server 8.0\bin\mysqld.exe: Normal shutdown.
2025-11-20T17:24:46.222382Z 0 [System] [MY-010910] [Server] C:\Program Files\MySQL\MySQL Server 8.0\bin\mysqld.exe: Shutdown complete (mysqld 8.0.26)  MySQL Community Server - GPL.
2025-11-21T04:25:46.741510Z 0 [Warning] [MY-010915] [Server] 'NO_ZERO_DATE', 'NO_ZERO_IN_DATE' and 'ERROR_FOR_DIVISION_BY_ZERO' sql modes should be used with strict mode. They will be merged with strict mode in a future release.
2025-11-21T04:25:46.744167Z 0 [System] [MY-010116] [Server] C:\Program Files\MySQL\MySQL Server 8.0\bin\mysqld.exe (mysqld 8.0.26) starting as process 9876
2025-11-21T04:25:46.786832Z 1 [System] [MY-013576] [InnoDB] InnoDB initialization has started.
2025-11-21T04:25:47.126470Z 1 [System] [MY-013577] [InnoDB] InnoDB initialization has ended.
2025-11-21T04:25:47.334030Z 0 [Warning] [MY-013746] [Server] A deprecated TLS version TLSv1 is enabled for channel mysql_main
2025-11-21T04:25:47.334886Z 0 [Warning] [MY-013746] [Server] A deprecated TLS version TLSv1.1 is enabled for channel mysql_main
2025-11-21T04:25:47.340342Z 0 [Warning] [MY-010068] [Server] CA certificate ca.pem is self signed.
2025-11-21T04:25:47.340915Z 0 [System] [MY-013602] [Server] Channel mysql_main configured to support TLS. Encrypted connections are now supported for this channel.
2025-11-21T04:25:47.363504Z 0 [System] [MY-011323] [Server] X Plugin ready for connections. Bind-address: '::' port: 33060
2025-11-21T04:25:47.363627Z 0 [System] [MY-010931] [Server] C:\Program Files\MySQL\MySQL Server 8.0\bin\mysqld.exe: ready for connections. Version: '8.0.26'  socket: ''  port: 3306  MySQL Community Server - GPL.
2025-11-26T16:56:11.825480Z 0 [System] [MY-013105] [Server] C:\Program Files\MySQL\MySQL Server 8.0\bin\mysqld.exe: Normal shutdown.
2025-11-26T16:56:13.274349Z 0 [System] [MY-010910] [Server] C:\Program Files\MySQL\MySQL Server 8.0\bin\mysqld.exe: Shutdown complete (mysqld 8.0.26)  MySQL Community Server - GPL.
2025-11-27T04:12:05.269433Z 0 [Warning] [MY-010915] [Server] 'NO_ZERO_DATE', 'NO_ZERO_IN_DATE' and 'ERROR_FOR_DIVISION_BY_ZERO' sql modes should be used with strict mode. They will be merged with strict mode in a future release.
2025-11-27T04:12:05.272389Z 0 [System] [MY-010116] [Server] C:\Program Files\MySQL\MySQL Server 8.0\bin\mysqld.exe (mysqld 8.0.26) starting as process 9640
2025-11-27T04:12:05.335828Z 1 [System] [MY-013576] [InnoDB] InnoDB initialization has started.
2025-11-27T04:12:05.671797Z 1 [System] [MY-013577] [InnoDB] InnoDB initialization has ended.
2025-11-27T04:12:05.981472Z 0 [Warning] [MY-013746] [Server] A deprecated TLS version TLSv1 is enabled for channel mysql_main
2025-11-27T04:12:05.982622Z 0 [Warning] [MY-013746] [Server] A deprecated TLS version TLSv1.1 is enabled for channel mysql_main
2025-11-27T04:12:05.993574Z 0 [Warning] [MY-010068] [Server] CA certificate ca.pem is self signed.
2025-11-27T04:12:05.995067Z 0 [System] [MY-013602] [Server] Channel mysql_main configured to support TLS. Encrypted connections are now supported for this channel.
2025-11-27T04:12:06.043616Z 0 [System] [MY-011323] [Server] X Plugin ready for connections. Bind-address: '::' port: 33060
2025-11-27T04:12:06.043843Z 0 [System] [MY-010931] [Server] C:\Program Files\MySQL\MySQL Server 8.0\bin\mysqld.exe: ready for connections. Version: '8.0.26'  socket: ''  port: 3306  MySQL Community Server - GPL.
2025-12-03T17:37:54.562082Z 0 [System] [MY-013105] [Server] C:\Program Files\MySQL\MySQL Server 8.0\bin\mysqld.exe: Normal shutdown.
2025-12-03T17:37:55.147965Z 0 [System] [MY-010910] [Server] C:\Program Files\MySQL\MySQL Server 8.0\bin\mysqld.exe: Shutdown complete (mysqld 8.0.26)  MySQL Community Server - GPL.
2025-12-04T04:38:44.258836Z 0 [Warning] [MY-010915] [Server] 'NO_ZERO_DATE', 'NO_ZERO_IN_DATE' and 'ERROR_FOR_DIVISION_BY_ZERO' sql modes should be used with strict mode. They will be merged with strict mode in a future release.
2025-12-04T04:38:44.260879Z 0 [System] [MY-010116] [Server] C:\Program Files\MySQL\MySQL Server 8.0\bin\mysqld.exe (mysqld 8.0.26) starting as process 9840
2025-12-04T04:38:44.284578Z 1 [System] [MY-013576] [InnoDB] InnoDB initialization has started.
2025-12-04T04:38:44.518467Z 1 [System] [MY-013577] [InnoDB] InnoDB initialization has ended.
2025-12-04T04:38:44.694776Z 0 [Warning] [MY-013746] [Server] A deprecated TLS version TLSv1 is enabled for channel mysql_main
2025-12-04T04:38:44.695377Z 0 [Warning] [MY-013746] [Server] A deprecated TLS version TLSv1.1 is enabled for channel mysql_main
2025-12-04T04:38:44.699423Z 0 [Warning] [MY-010068] [Server] CA certificate ca.pem is self signed.
2025-12-04T04:38:44.699944Z 0 [System] [MY-013602] [Server] Channel mysql_main configured to support TLS. Encrypted connections are now supported for this channel.
2025-12-04T04:38:44.723114Z 0 [System] [MY-011323] [Server] X Plugin ready for connections. Bind-address: '::' port: 33060
2025-12-04T04:38:44.723230Z 0 [System] [MY-010931] [Server] C:\Program Files\MySQL\MySQL Server 8.0\bin\mysqld.exe: ready for connections. Version: '8.0.26'  socket: ''  port: 3306  MySQL Community Server - GPL.
